2026-07-20 23:13:37.355 [INFO] Building package 'MUDInk' with pipeline 'ScriptableBuildPipeline'.
2026-07-20 23:13:37.355 [INFO] --------------------------------------------->TaskPrepare<--------------------------------------------
2026-07-20 23:13:37.356 [WARN] [ErrorCode131] Builtin shaders bundle name is null. It will cause resource redundancy.
2026-07-20 23:13:37.357 [INFO] Delete package root directory: '/home/tr0st/Projects/NuclearBand/mud/NuclearBand.github.io/MUD/YooAssets/Android/MUDInk'.
2026-07-20 23:13:37.358 [INFO] Create pipeline output directory: '/home/tr0st/Projects/NuclearBand/mud/NuclearBand.github.io/MUD/YooAssets/Android/MUDInk/OutputCache'.
2026-07-20 23:13:37.358 [INFO] TaskPrepare completed in 0 seconds.
2026-07-20 23:13:37.358 [INFO] --------------------------------------------->TaskGetBuildMap<--------------------------------------------
2026-07-20 23:13:37.433 [INFO] TaskGetBuildMap completed in 0 seconds.
2026-07-20 23:13:37.433 [INFO] --------------------------------------------->TaskBuilding<--------------------------------------------
2026-07-20 23:13:38.460 [INFO] UnityEngine build succeeded.
2026-07-20 23:13:38.460 [INFO] TaskBuilding completed in 1 seconds.
2026-07-20 23:13:38.460 [INFO] --------------------------------------------->TaskVerifyBuildResult<--------------------------------------------
2026-07-20 23:13:38.461 [INFO] Build results verified successfully.
2026-07-20 23:13:38.461 [INFO] TaskVerifyBuildResult completed in 0 seconds.
2026-07-20 23:13:38.461 [INFO] --------------------------------------------->TaskEncryption<--------------------------------------------
2026-07-20 23:13:38.461 [INFO] TaskEncryption completed in 0 seconds.
2026-07-20 23:13:38.461 [INFO] --------------------------------------------->TaskUpdateBundleInfo<--------------------------------------------
2026-07-20 23:13:38.465 [INFO] TaskUpdateBundleInfo completed in 0 seconds.
2026-07-20 23:13:38.465 [INFO] --------------------------------------------->TaskCreateManifest<--------------------------------------------
2026-07-20 23:13:38.516 [INFO] Create package manifest file: '/home/tr0st/Projects/NuclearBand/mud/NuclearBand.github.io/MUD/YooAssets/Android/MUDInk/20260720201337/MUDInk_20260720201337.bytes'.
2026-07-20 23:13:38.517 [INFO] Create package manifest hash file: '/home/tr0st/Projects/NuclearBand/mud/NuclearBand.github.io/MUD/YooAssets/Android/MUDInk/20260720201337/MUDInk_20260720201337.hash'.
2026-07-20 23:13:38.517 [INFO] Create package manifest version file: '/home/tr0st/Projects/NuclearBand/mud/NuclearBand.github.io/MUD/YooAssets/Android/MUDInk/20260720201337/MUDInk.version'.
2026-07-20 23:13:38.517 [INFO] TaskCreateManifest completed in 0 seconds.
2026-07-20 23:13:38.517 [INFO] --------------------------------------------->TaskCreateReport<--------------------------------------------
2026-07-20 23:13:38.518 [INFO] Create build report file: '/home/tr0st/Projects/NuclearBand/mud/NuclearBand.github.io/MUD/YooAssets/Android/MUDInk/20260720201337/MUDInk_20260720201337.report'.
2026-07-20 23:13:38.518 [INFO] TaskCreateReport completed in 0 seconds.
2026-07-20 23:13:38.518 [INFO] --------------------------------------------->TaskCreatePackage<--------------------------------------------
2026-07-20 23:13:38.518 [INFO] Start making patch package: '/home/tr0st/Projects/NuclearBand/mud/NuclearBand.github.io/MUD/YooAssets/Android/MUDInk/20260720201337'.
2026-07-20 23:13:38.519 [INFO] TaskCreatePackage completed in 0 seconds.
2026-07-20 23:13:38.519 [INFO] --------------------------------------------->TaskCopyBundledFiles<--------------------------------------------
2026-07-20 23:13:38.519 [INFO] TaskCopyBundledFiles completed in 0 seconds.
2026-07-20 23:13:38.519 [INFO] --------------------------------------------->TaskCreateCatalog<--------------------------------------------
2026-07-20 23:13:38.519 [INFO] TaskCreateCatalog completed in 0 seconds.
2026-07-20 23:13:38.519 [INFO] Total build process time: 1 seconds.
2026-07-20 23:13:38.519 [INFO] Resource pipeline build succeeded.
